primary_electron_de_more.py:58: RuntimeWarning: overflow encountered in exp
  CMBphotons = 8*np.pi*2*np.pi*hbar*nu_list**3/c**3/(np.exp(2.0*np.pi*hbar*nu_list/kB/T_CMB)-1.0)/Eg_list/(hbar*2*np.pi)
primary_electron_de_more.py:58: RuntimeWarning: overflow encountered in exp
  CMBphotons = 8*np.pi*2*np.pi*hbar*nu_list**3/c**3/(np.exp(2.0*np.pi*hbar*nu_list/kB/T_CMB)-1.0)/Eg_list/(hbar*2*np.pi)
primary_electron_de_more.py:58: RuntimeWarning: overflow encountered in exp
  CMBphotons = 8*np.pi*2*np.pi*hbar*nu_list**3/c**3/(np.exp(2.0*np.pi*hbar*nu_list/kB/T_CMB)-1.0)/Eg_list/(hbar*2*np.pi)
primary_electron_de_more.py:58: RuntimeWarning: overflow encountered in exp
  CMBphotons = 8*np.pi*2*np.pi*hbar*nu_list**3/c**3/(np.exp(2.0*np.pi*hbar*nu_list/kB/T_CMB)-1.0)/Eg_list/(hbar*2*np.pi)
primary_electron_de_more.py:215: RuntimeWarning: divide by zero encountered in double_scalars
  tau_IC = electrons[i] / total_probability
primary_electron_de_more.py:58: RuntimeWarning: overflow encountered in exp
  CMBphotons = 8*np.pi*2*np.pi*hbar*nu_list**3/c**3/(np.exp(2.0*np.pi*hbar*nu_list/kB/T_CMB)-1.0)/Eg_list/(hbar*2*np.pi)
primary_electron_de_more.py:215: RuntimeWarning: divide by zero encountered in double_scalars
  tau_IC = electrons[i] / total_probability
primary_electron_de_more.py:215: RuntimeWarning: divide by zero encountered in double_scalars
  tau_IC = electrons[i] / total_probability
primary_electron_de_more.py:58: RuntimeWarning: overflow encountered in exp
  CMBphotons = 8*np.pi*2*np.pi*hbar*nu_list**3/c**3/(np.exp(2.0*np.pi*hbar*nu_list/kB/T_CMB)-1.0)/Eg_list/(hbar*2*np.pi)
primary_electron_de_more.py:215: RuntimeWarning: divide by zero encountered in double_scalars
  tau_IC = electrons[i] / total_probability
primary_electron_de_more.py:58: RuntimeWarning: overflow encountered in exp
  CMBphotons = 8*np.pi*2*np.pi*hbar*nu_list**3/c**3/(np.exp(2.0*np.pi*hbar*nu_list/kB/T_CMB)-1.0)/Eg_list/(hbar*2*np.pi)
primary_electron_de_more.py:58: RuntimeWarning: overflow encountered in exp
  CMBphotons = 8*np.pi*2*np.pi*hbar*nu_list**3/c**3/(np.exp(2.0*np.pi*hbar*nu_list/kB/T_CMB)-1.0)/Eg_list/(hbar*2*np.pi)
primary_electron_de_more.py:58: RuntimeWarning: overflow encountered in exp
  CMBphotons = 8*np.pi*2*np.pi*hbar*nu_list**3/c**3/(np.exp(2.0*np.pi*hbar*nu_list/kB/T_CMB)-1.0)/Eg_list/(hbar*2*np.pi)
primary_electron_de_more.py:58: RuntimeWarning: overflow encountered in exp
  CMBphotons = 8*np.pi*2*np.pi*hbar*nu_list**3/c**3/(np.exp(2.0*np.pi*hbar*nu_list/kB/T_CMB)-1.0)/Eg_list/(hbar*2*np.pi)
primary_electron_de_more.py:58: RuntimeWarning: overflow encountered in exp
  CMBphotons = 8*np.pi*2*np.pi*hbar*nu_list**3/c**3/(np.exp(2.0*np.pi*hbar*nu_list/kB/T_CMB)-1.0)/Eg_list/(hbar*2*np.pi)
primary_electron_de_more.py:58: RuntimeWarning: overflow encountered in exp
  CMBphotons = 8*np.pi*2*np.pi*hbar*nu_list**3/c**3/(np.exp(2.0*np.pi*hbar*nu_list/kB/T_CMB)-1.0)/Eg_list/(hbar*2*np.pi)
primary_electron_de_more.py:58: RuntimeWarning: overflow encountered in exp
  CMBphotons = 8*np.pi*2*np.pi*hbar*nu_list**3/c**3/(np.exp(2.0*np.pi*hbar*nu_list/kB/T_CMB)-1.0)/Eg_list/(hbar*2*np.pi)
primary_electron_de_more.py:215: RuntimeWarning: divide by zero encountered in double_scalars
  tau_IC = electrons[i] / total_probability
primary_electron_de_more.py:58: RuntimeWarning: overflow encountered in exp
  CMBphotons = 8*np.pi*2*np.pi*hbar*nu_list**3/c**3/(np.exp(2.0*np.pi*hbar*nu_list/kB/T_CMB)-1.0)/Eg_list/(hbar*2*np.pi)
primary_electron_de_more.py:58: RuntimeWarning: overflow encountered in exp
  CMBphotons = 8*np.pi*2*np.pi*hbar*nu_list**3/c**3/(np.exp(2.0*np.pi*hbar*nu_list/kB/T_CMB)-1.0)/Eg_list/(hbar*2*np.pi)
primary_electron_de_more.py:58: RuntimeWarning: overflow encountered in exp
  CMBphotons = 8*np.pi*2*np.pi*hbar*nu_list**3/c**3/(np.exp(2.0*np.pi*hbar*nu_list/kB/T_CMB)-1.0)/Eg_list/(hbar*2*np.pi)
primary_electron_de_more.py:215: RuntimeWarning: divide by zero encountered in double_scalars
  tau_IC = electrons[i] / total_probability
primary_electron_de_more.py:215: RuntimeWarning: divide by zero encountered in double_scalars
  tau_IC = electrons[i] / total_probability
primary_electron_de_more.py:215: RuntimeWarning: divide by zero encountered in double_scalars
  tau_IC = electrons[i] / total_probability
primary_electron_de_more.py:215: RuntimeWarning: divide by zero encountered in double_scalars
  tau_IC = electrons[i] / total_probability
primary_electron_de_more.py:215: RuntimeWarning: divide by zero encountered in double_scalars
  tau_IC = electrons[i] / total_probability
primary_electron_de_more.py:215: RuntimeWarning: divide by zero encountered in double_scalars
  tau_IC = electrons[i] / total_probability
primary_electron_de_more.py:215: RuntimeWarning: divide by zero encountered in double_scalars
  tau_IC = electrons[i] / total_probability
primary_electron_de_more.py:215: RuntimeWarning: divide by zero encountered in double_scalars
  tau_IC = electrons[i] / total_probability
primary_electron_de_more.py:215: RuntimeWarning: divide by zero encountered in double_scalars
  tau_IC = electrons[i] / total_probability
primary_electron_de_more.py:215: RuntimeWarning: divide by zero encountered in double_scalars
  tau_IC = electrons[i] / total_probability
primary_electron_de_more.py:215: RuntimeWarning: divide by zero encountered in double_scalars
  tau_IC = electrons[i] / total_probability
/scratch/midway/kaurov/radiator/radiator/crosssections.py:288: RuntimeWarning: invalid value encountered in log
  G = 2.0*q*np.log(q)+(1.0+2.0*q)*(1.0-q)+2.0*eta*q*(1.0-q)
/scratch/midway/kaurov/radiator/radiator/crosssections.py:289: RuntimeWarning: invalid value encountered in less
  G[G < 0] = 0
/scratch/midway/kaurov/radiator/radiator/crosssections.py:288: RuntimeWarning: invalid value encountered in log
  G = 2.0*q*np.log(q)+(1.0+2.0*q)*(1.0-q)+2.0*eta*q*(1.0-q)
/scratch/midway/kaurov/radiator/radiator/crosssections.py:289: RuntimeWarning: invalid value encountered in less
  G[G < 0] = 0
/scratch/midway/kaurov/radiator/radiator/crosssections.py:288: RuntimeWarning: invalid value encountered in log
  G = 2.0*q*np.log(q)+(1.0+2.0*q)*(1.0-q)+2.0*eta*q*(1.0-q)
/scratch/midway/kaurov/radiator/radiator/crosssections.py:289: RuntimeWarning: invalid value encountered in less
  G[G < 0] = 0
/scratch/midway/kaurov/radiator/radiator/crosssections.py:288: RuntimeWarning: invalid value encountered in log
  G = 2.0*q*np.log(q)+(1.0+2.0*q)*(1.0-q)+2.0*eta*q*(1.0-q)
/scratch/midway/kaurov/radiator/radiator/crosssections.py:289: RuntimeWarning: invalid value encountered in less
  G[G < 0] = 0
/scratch/midway/kaurov/radiator/radiator/crosssections.py:288: RuntimeWarning: invalid value encountered in log
  G = 2.0*q*np.log(q)+(1.0+2.0*q)*(1.0-q)+2.0*eta*q*(1.0-q)
/scratch/midway/kaurov/radiator/radiator/crosssections.py:289: RuntimeWarning: invalid value encountered in less
  G[G < 0] = 0
/scratch/midway/kaurov/radiator/radiator/crosssections.py:288: RuntimeWarning: invalid value encountered in log
  G = 2.0*q*np.log(q)+(1.0+2.0*q)*(1.0-q)+2.0*eta*q*(1.0-q)
/scratch/midway/kaurov/radiator/radiator/crosssections.py:289: RuntimeWarning: invalid value encountered in less
  G[G < 0] = 0
/scratch/midway/kaurov/radiator/radiator/crosssections.py:288: RuntimeWarning: invalid value encountered in log
  G = 2.0*q*np.log(q)+(1.0+2.0*q)*(1.0-q)+2.0*eta*q*(1.0-q)
/scratch/midway/kaurov/radiator/radiator/crosssections.py:289: RuntimeWarning: invalid value encountered in less
  G[G < 0] = 0
/scratch/midway/kaurov/radiator/radiator/crosssections.py:288: RuntimeWarning: invalid value encountered in log
  G = 2.0*q*np.log(q)+(1.0+2.0*q)*(1.0-q)+2.0*eta*q*(1.0-q)
/scratch/midway/kaurov/radiator/radiator/crosssections.py:289: RuntimeWarning: invalid value encountered in less
  G[G < 0] = 0
/scratch/midway/kaurov/radiator/radiator/crosssections.py:288: RuntimeWarning: invalid value encountered in log
  G = 2.0*q*np.log(q)+(1.0+2.0*q)*(1.0-q)+2.0*eta*q*(1.0-q)
/scratch/midway/kaurov/radiator/radiator/crosssections.py:289: RuntimeWarning: invalid value encountered in less
  G[G < 0] = 0
/scratch/midway/kaurov/radiator/radiator/crosssections.py:288: RuntimeWarning: invalid value encountered in log
  G = 2.0*q*np.log(q)+(1.0+2.0*q)*(1.0-q)+2.0*eta*q*(1.0-q)
/scratch/midway/kaurov/radiator/radiator/crosssections.py:289: RuntimeWarning: invalid value encountered in less
  G[G < 0] = 0
/scratch/midway/kaurov/radiator/radiator/crosssections.py:288: RuntimeWarning: invalid value encountered in log
  G = 2.0*q*np.log(q)+(1.0+2.0*q)*(1.0-q)+2.0*eta*q*(1.0-q)
/scratch/midway/kaurov/radiator/radiator/crosssections.py:289: RuntimeWarning: invalid value encountered in less
  G[G < 0] = 0
/scratch/midway/kaurov/radiator/radiator/crosssections.py:288: RuntimeWarning: invalid value encountered in log
  G = 2.0*q*np.log(q)+(1.0+2.0*q)*(1.0-q)+2.0*eta*q*(1.0-q)
/scratch/midway/kaurov/radiator/radiator/crosssections.py:289: RuntimeWarning: invalid value encountered in less
  G[G < 0] = 0
/scratch/midway/kaurov/radiator/radiator/crosssections.py:288: RuntimeWarning: invalid value encountered in log
  G = 2.0*q*np.log(q)+(1.0+2.0*q)*(1.0-q)+2.0*eta*q*(1.0-q)
/scratch/midway/kaurov/radiator/radiator/crosssections.py:289: RuntimeWarning: invalid value encountered in less
  G[G < 0] = 0
/scratch/midway/kaurov/radiator/radiator/crosssections.py:288: RuntimeWarning: invalid value encountered in log
  G = 2.0*q*np.log(q)+(1.0+2.0*q)*(1.0-q)+2.0*eta*q*(1.0-q)
/scratch/midway/kaurov/radiator/radiator/crosssections.py:289: RuntimeWarning: invalid value encountered in less
  G[G < 0] = 0
/scratch/midway/kaurov/radiator/radiator/crosssections.py:288: RuntimeWarning: invalid value encountered in log
  G = 2.0*q*np.log(q)+(1.0+2.0*q)*(1.0-q)+2.0*eta*q*(1.0-q)
/scratch/midway/kaurov/radiator/radiator/crosssections.py:289: RuntimeWarning: invalid value encountered in less
  G[G < 0] = 0
/scratch/midway/kaurov/radiator/radiator/crosssections.py:288: RuntimeWarning: invalid value encountered in log
  G = 2.0*q*np.log(q)+(1.0+2.0*q)*(1.0-q)+2.0*eta*q*(1.0-q)
/scratch/midway/kaurov/radiator/radiator/crosssections.py:289: RuntimeWarning: invalid value encountered in less
  G[G < 0] = 0
 : cannot connect to X server localhost:37.0
 : cannot connect to X server localhost:37.0
 : cannot connect to X server localhost:37.0
 : cannot connect to X server localhost:37.0
 : cannot connect to X server localhost:37.0
 : cannot connect to X server localhost:37.0
 : cannot connect to X server localhost:37.0
 : cannot connect to X server localhost:37.0
 : cannot connect to X server localhost:37.0
 : cannot connect to X server localhost:37.0
 : cannot connect to X server localhost:37.0
 : cannot connect to X server localhost:37.0
 : cannot connect to X server localhost:37.0
 : cannot connect to X server localhost:37.0
 : cannot connect to X server localhost:37.0
 : cannot connect to X server localhost:37.0
